  ModulePlayer.cpp
  ModuleClient.cpp
  Generating Code...
  Compiling...
  Application.cpp
  Generating Code...
  Skipping... (no relevant changes detected)
  ModuleWindow.cpp
  ModuleTextures.cpp
  ModuleSceneSpace.cpp
  ModuleSceneIntro.cpp
  ModuleRender.cpp
  ModuleParticles.cpp
  ModuleInput.cpp
  ModuleFadeToBlack.cpp
  ModuleCollision.cpp
  ModuleBathroom.cpp
  ModuleAudio.cpp
  ModuleAI.cpp
  Main.cpp
  SDL Game.vcxproj -> C:\Users\Nombre\Documents\GitHub\LudumDare37\LD37\SDL Game 3 - Master - Handout\Debug\SDL Game - Master 3 Handout.exe
  SDL Game.vcxproj -> C:\Users\Nombre\Documents\GitHub\LudumDare37\LD37\SDL Game 3 - Master - Handout\Debug\SDL Game - Master 3 Handout.pdb (Full PDB)
