c:\users\nombre\desktop\ludumdare37\ld37\sdl game 3 - master - handout\debug\vc140.pdb
c:\users\nombre\desktop\ludumdare37\ld37\sdl game 3 - master - handout\debug\vc140.idb
c:\users\nombre\desktop\ludumdare37\ld37\sdl game 3 - master - handout\debug\application.obj
c:\users\nombre\desktop\ludumdare37\ld37\sdl game 3 - master - handout\debug\log.obj
c:\users\nombre\desktop\ludumdare37\ld37\sdl game 3 - master - handout\debug\main.obj
c:\users\nombre\desktop\ludumdare37\ld37\sdl game 3 - master - handout\debug\moduleai.obj
c:\users\nombre\desktop\ludumdare37\ld37\sdl game 3 - master - handout\debug\moduleaudio.obj
c:\users\nombre\desktop\ludumdare37\ld37\sdl game 3 - master - handout\debug\modulebathroom.obj
c:\users\nombre\desktop\ludumdare37\ld37\sdl game 3 - master - handout\debug\moduleclient.obj
c:\users\nombre\desktop\ludumdare37\ld37\sdl game 3 - master - handout\debug\modulecloset.obj
c:\users\nombre\desktop\ludumdare37\ld37\sdl game 3 - master - handout\debug\modulecollision.obj
c:\users\nombre\desktop\ludumdare37\ld37\sdl game 3 - master - handout\debug\modulefadetoblack.obj
c:\users\nombre\desktop\ludumdare37\ld37\sdl game 3 - master - handout\debug\moduleinput.obj
c:\users\nombre\desktop\ludumdare37\ld37\sdl game 3 - master - handout\debug\moduleparticles.obj
c:\users\nombre\desktop\ludumdare37\ld37\sdl game 3 - master - handout\debug\moduleplayer.obj
c:\users\nombre\desktop\ludumdare37\ld37\sdl game 3 - master - handout\debug\modulerender.obj
c:\users\nombre\desktop\ludumdare37\ld37\sdl game 3 - master - handout\debug\modulesceneintro.obj
c:\users\nombre\desktop\ludumdare37\ld37\sdl game 3 - master - handout\debug\modulebath.obj
c:\users\nombre\desktop\ludumdare37\ld37\sdl game 3 - master - handout\debug\modulesilk.obj
c:\users\nombre\desktop\ludumdare37\ld37\sdl game 3 - master - handout\debug\moduletextures.obj
c:\users\nombre\desktop\ludumdare37\ld37\sdl game 3 - master - handout\debug\modulewindow.obj
c:\users\nombre\desktop\ludumdare37\ld37\sdl game 3 - master - handout\debug\sdl game - master 3 handout.pdb
c:\users\nombre\desktop\ludumdare37\ld37\sdl game 3 - master - handout\debug\sdl game.746cc4c3.tlog\cl.command.1.tlog
c:\users\nombre\desktop\ludumdare37\ld37\sdl game 3 - master - handout\debug\sdl game.746cc4c3.tlog\cl.read.1.tlog
c:\users\nombre\desktop\ludumdare37\ld37\sdl game 3 - master - handout\debug\sdl game.746cc4c3.tlog\cl.write.1.tlog
c:\users\nombre\desktop\ludumdare37\ld37\sdl game 3 - master - handout\debug\sdl game.746cc4c3.tlog\link.command.1.tlog
c:\users\nombre\desktop\ludumdare37\ld37\sdl game 3 - master - handout\debug\sdl game.746cc4c3.tlog\link.read.1.tlog
c:\users\nombre\desktop\ludumdare37\ld37\sdl game 3 - master - handout\debug\sdl game.746cc4c3.tlog\link.write.1.tlog
